<?xml version="1.0" encoding="UTF-8"?>
<!-- Generated by org.testng.reporters.JUnitXMLReporter -->
<testsuite hostname="LAPTOP-PLDO0HM1" name="Default test" tests="5" failures="0" timestamp="3 Jun 2021 15:34:41 GMT" time="11.672" errors="0">
  <testcase name="verifyRecords" time="0.005" classname="com.Blazedemo.Testcases.TC1VerifyFlightBooking"/>
  <testcase name="checkValidUser" time="0.942" classname="com.Blazedemo.Testcases.TC1VerifyFlightBooking"/>
  <testcase name="checkFlightselect" time="0.723" classname="com.Blazedemo.Testcases.TC1VerifyFlightBooking"/>
  <testcase name="checkCustomerDetails" time="1.443" classname="com.Blazedemo.Testcases.TC1VerifyFlightBooking"/>
  <testcase name="checkbookingconfirm" time="0.099" classname="com.Blazedemo.Testcases.TC1VerifyFlightBooking"/>
</testsuite> <!-- Default test -->
