<?xml version="1.0" encoding="UTF-8"?>
<!-- Generated by org.testng.reporters.JUnitXMLReporter -->
<testsuite hostname="alokl-PC" ignored="0" name="HomePageTest" tests="1" failures="1" timestamp="27 Feb 2021 17:32:58 GMT" time="0.186" errors="0">
  <testcase name="checkValidUser" time="0.082" classname="com.wordpress.Testcases.TC1VerifyValidLogin">
    <failure type="java.lang.NullPointerException">
      <![CDATA[java.lang.NullPointerException
	at org.openqa.selenium.support.pagefactory.DefaultElementLocator.findElement(DefaultElementLocator.java:69)
	at org.openqa.selenium.support.pagefactory.internal.LocatingElementHandler.invoke(LocatingElementHandler.java:38)
	at com.sun.proxy.$Proxy7.sendKeys(Unknown Source)
	at com.wordpress.Pages.LoginPageNew.setUserID(LoginPageNew.java:38)
	at com.wordpress.Testcases.TC1VerifyValidLogin.checkValidUser(TC1VerifyValidLogin.java:21)
	at java.util.concurrent.ThreadPoolExecutor.runWorker(ThreadPoolExecutor.java:1142)
	at java.util.concurrent.ThreadPoolExecutor$Worker.run(ThreadPoolExecutor.java:617)
	at java.lang.Thread.run(Thread.java:745)
... Removed 10 stack frames]]>
    </failure>
  </testcase> <!-- checkValidUser -->
</testsuite> <!-- HomePageTest -->
