<?xml version="1.0" encoding="UTF-8"?>
<!-- Generated by org.testng.reporters.JUnitXMLReporter -->
<testsuite hostname="LAPTOP-PLDO0HM1" name="Test" tests="5" failures="0" timestamp="3 Jun 2021 16:53:29 GMT" time="11.235" errors="0">
  <testcase name="verifyRecords" time="0.004" classname="com.Blazedemo.Testcases.TC1VerifyFlightBooking"/>
  <testcase name="checkValidUser" time="0.869" classname="com.Blazedemo.Testcases.TC1VerifyFlightBooking"/>
  <testcase name="checkFlightselect" time="0.693" classname="com.Blazedemo.Testcases.TC1VerifyFlightBooking"/>
  <testcase name="checkCustomerDetails" time="1.57" classname="com.Blazedemo.Testcases.TC1VerifyFlightBooking"/>
  <testcase name="checkbookingconfirm" time="0.116" classname="com.Blazedemo.Testcases.TC1VerifyFlightBooking"/>
</testsuite> <!-- Test -->
