<?xml version="1.0" encoding="UTF-8"?>
<!-- Generated by org.testng.reporters.JUnitXMLReporter -->
<testsuite hostname="LAPTOP-PLDO0HM1" name="Test" tests="5" failures="0" timestamp="3 Jun 2021 15:40:21 GMT" time="10.288" errors="0">
  <testcase name="verifyRecords" time="0.006" classname="com.Blazedemo.Testcases.TC1VerifyFlightBooking"/>
  <testcase name="checkValidUser" time="1.088" classname="com.Blazedemo.Testcases.TC1VerifyFlightBooking"/>
  <testcase name="checkFlightselect" time="1.121" classname="com.Blazedemo.Testcases.TC1VerifyFlightBooking"/>
  <testcase name="checkCustomerDetails" time="1.354" classname="com.Blazedemo.Testcases.TC1VerifyFlightBooking"/>
  <testcase name="checkbookingconfirm" time="0.103" classname="com.Blazedemo.Testcases.TC1VerifyFlightBooking"/>
</testsuite> <!-- Test -->
