<?xml version="1.0" encoding="UTF-8"?>
<testng-results skipped="0" failed="0" total="5" passed="5">
  <reporter-output>
  </reporter-output>
  <suite name="Suite" duration-ms="10288" started-at="2021-06-03T15:40:11Z" finished-at="2021-06-03T15:40:21Z">
    <groups>
    </groups>
    <test name="Test" duration-ms="10288" started-at="2021-06-03T15:40:11Z" finished-at="2021-06-03T15:40:21Z">
      <class name="com.Blazedemo.Testcases.TC1VerifyFlightBooking">
        <test-method status="PASS" signature="setUp()[pri:0, instance:com.Blazedemo.Testcases.TC1VerifyFlightBooking@553f17c]" name="setUp" is-config="true" duration-ms="5770" started-at="2021-06-03T21:10:11Z" finished-at="2021-06-03T21:10:17Z">
          <reporter-output>
          </reporter-output>
        </test-method> <!-- setUp -->
        <test-method status="PASS" signature="verifyRecords(java.lang.String, java.lang.String, java.lang.String, java.lang.String, java.lang.String, java.lang.String, java.lang.String, java.lang.String, java.lang.String, java.lang.String, java.lang.String, java.lang.String, java.lang.String)[pri:0, instance:com.Blazedemo.Testcases.TC1VerifyFlightBooking@553f17c]" name="verifyRecords" duration-ms="6" started-at="2021-06-03T21:10:18Z" data-provider="loginData" finished-at="2021-06-03T21:10:18Z">
          <params>
            <param index="0">
              <value>
                <![CDATA[Boston]]>
              </value>
            </param>
            <param index="1">
              <value>
                <![CDATA[London]]>
              </value>
            </param>
            <param index="2">
              <value>
                <![CDATA[234]]>
              </value>
            </param>
            <param index="3">
              <value>
                <![CDATA[Alok]]>
              </value>
            </param>
            <param index="4">
              <value>
                <![CDATA[HSR Layout]]>
              </value>
            </param>
            <param index="5">
              <value>
                <![CDATA[Bangalore]]>
              </value>
            </param>
            <param index="6">
              <value>
                <![CDATA[KA]]>
              </value>
            </param>
            <param index="7">
              <value>
                <![CDATA[560012]]>
              </value>
            </param>
            <param index="8">
              <value>
                <![CDATA[Visa]]>
              </value>
            </param>
            <param index="9">
              <value>
                <![CDATA[412356789]]>
              </value>
            </param>
            <param index="10">
              <value>
                <![CDATA[11]]>
              </value>
            </param>
            <param index="11">
              <value>
                <![CDATA[2019]]>
              </value>
            </param>
            <param index="12">
              <value>
                <![CDATA[Alok]]>
              </value>
            </param>
          </params>
          <reporter-output>
          </reporter-output>
        </test-method> <!-- verifyRecords -->
        <test-method status="PASS" signature="checkValidUser()[pri:1, instance:com.Blazedemo.Testcases.TC1VerifyFlightBooking@553f17c]" name="checkValidUser" duration-ms="1088" started-at="2021-06-03T21:10:18Z" finished-at="2021-06-03T21:10:19Z">
          <reporter-output>
          </reporter-output>
        </test-method> <!-- checkValidUser -->
        <test-method status="PASS" signature="checkFlightselect()[pri:2, instance:com.Blazedemo.Testcases.TC1VerifyFlightBooking@553f17c]" name="checkFlightselect" duration-ms="1121" started-at="2021-06-03T21:10:19Z" finished-at="2021-06-03T21:10:20Z">
          <reporter-output>
          </reporter-output>
        </test-method> <!-- checkFlightselect -->
        <test-method status="PASS" signature="checkCustomerDetails()[pri:3, instance:com.Blazedemo.Testcases.TC1VerifyFlightBooking@553f17c]" name="checkCustomerDetails" duration-ms="1354" started-at="2021-06-03T21:10:20Z" finished-at="2021-06-03T21:10:21Z">
          <reporter-output>
          </reporter-output>
        </test-method> <!-- checkCustomerDetails -->
        <test-method status="PASS" signature="checkbookingconfirm()[pri:4, instance:com.Blazedemo.Testcases.TC1VerifyFlightBooking@553f17c]" name="checkbookingconfirm" duration-ms="103" started-at="2021-06-03T21:10:21Z" finished-at="2021-06-03T21:10:21Z">
          <reporter-output>
          </reporter-output>
        </test-method> <!-- checkbookingconfirm -->
        <test-method status="PASS" signature="TeardownTest()[pri:0, instance:com.Blazedemo.Testcases.TC1VerifyFlightBooking@553f17c]" name="TeardownTest" is-config="true" duration-ms="966" started-at="2021-06-03T21:10:21Z" finished-at="2021-06-03T21:10:22Z">
          <reporter-output>
          </reporter-output>
        </test-method> <!-- TeardownTest -->
      </class> <!-- com.Blazedemo.Testcases.TC1VerifyFlightBooking -->
    </test> <!-- Test -->
  </suite> <!-- Suite -->
</testng-results>
